INFO:sim:172 - Generating IP...
Resolving generics for 'DMEE'...
Applying external generics to 'DMEE'...
Delivering associated files for 'DMEE'...
Delivering EJava files for 'DMEE'...
Generating implementation netlist for 'DMEE'...
INFO:sim - Pre-processing HDL files for 'DMEE'...
Running synthesis for 'DMEE'
Running ngcbuild...
Writing VEO instantiation template for 'DMEE'...
Writing Verilog behavioral simulation model for 'DMEE'...
WARNING:sim - Overwriting existing file F:/New
   Processor/Data_Memory/ipcore_dir/tmp/_cg/DMEE/doc/dist_mem_gen_v7_2_vinfo.htm
   l with file from view xilinx_documentation
Delivered 2 files into directory F:/New
Processor/Data_Memory/ipcore_dir/tmp/_cg/DMEE
Generating ASY schematic symbol...
INFO:sim:949 - Finished generation of ASY schematic symbol.
Generating SYM schematic symbol for 'DMEE'...
Generating metadata file...
Generating ISE project file for 'DMEE'...
Generating ISE project...
XCO file found: DMEE.xco
XMDF file found: DMEE_xmdf.tcl
Adding F:/New Processor/Data_Memory/ipcore_dir/tmp/_cg/DMEE.asy -view all
-origin_type imported
Adding F:/New Processor/Data_Memory/ipcore_dir/tmp/_cg/DMEE.ngc -view all
-origin_type created
Checking file "F:/New Processor/Data_Memory/ipcore_dir/tmp/_cg/DMEE.ngc" for
project device match ...
File "F:/New Processor/Data_Memory/ipcore_dir/tmp/_cg/DMEE.ngc" device
information matches project device.
Adding F:/New Processor/Data_Memory/ipcore_dir/tmp/_cg/DMEE.sym -view all
-origin_type imported
Adding F:/New Processor/Data_Memory/ipcore_dir/tmp/_cg/DMEE.v -view all
-origin_type created
INFO:HDLCompiler:1845 - Analyzing Verilog file "F:/New
   Processor/Data_Memory/ipcore_dir/tmp/_cg/DMEE.v" into library work
INFO:ProjectMgmt - Parsing design hierarchy completed successfully.
Adding F:/New Processor/Data_Memory/ipcore_dir/tmp/_cg/DMEE.veo -view all
-origin_type imported
INFO:TclTasksC:2116 - The automatic calculation of top has been turned-off.
   Please set the new top explicitly by running the "project set top" command.
   To re-calculate the new top automatically, set the "Auto Implementation Top"
   property to true.
Top level has been set to "/DMEE"
Generating README file...
Generating FLIST file...
INFO:sim:948 - Finished FLIST file generation.
Launching README viewer...
Moving files to output directory...
Finished moving files to output directory
Wrote CGP file for project 'DMEE'.
