Release 14.5 Map P.58f (nt64)
Xilinx Mapping Report File for Design 'final_phase'

Design Information
------------------
Command Line   : map -intstyle ise -p xc6slx9-csg324-3 -w -logic_opt off -ol
high -t 1 -xt 0 -register_duplication off -r 4 -global_opt off -mt off -ir off
-pr off -lc off -power off -o final_phase_map.ncd final_phase.ngd
final_phase.pcf 
Target Device  : xc6slx9
Target Package : csg324
Target Speed   : -3
Mapper Version : spartan6 -- $Revision: 1.55 $
Mapped Date    : Fri Oct 21 17:01:19 2016

Design Summary
--------------
Number of errors:      0
Number of warnings:    0
Slice Logic Utilization:
  Number of Slice Registers:                    65 out of  11,440    1%
    Number used as Flip Flops:                  64
    Number used as Latches:                      0
    Number used as Latch-thrus:                  0
    Number used as AND/OR logics:                1
  Number of Slice LUTs:                        342 out of   5,720    5%
    Number used as logic:                      309 out of   5,720    5%
      Number using O6 output only:             288
      Number using O5 output only:               0
      Number using O5 and O6:                   21
      Number used as ROM:                        0
    Number used as Memory:                      32 out of   1,440    2%
      Number used as Dual Port RAM:              0
      Number used as Single Port RAM:           32
        Number using O6 output only:            32
        Number using O5 output only:             0
        Number using O5 and O6:                  0
      Number used as Shift Register:             0
    Number used exclusively as route-thrus:      1
      Number with same-slice register load:      0
      Number with same-slice carry load:         0
      Number with other load:                    1

Slice Logic Distribution:
  Number of occupied Slices:                   109 out of   1,430    7%
  Number of MUXCYs used:                        20 out of   2,860    1%
  Number of LUT Flip Flop pairs used:          345
    Number with an unused Flip Flop:           286 out of     345   82%
    Number with an unused LUT:                   3 out of     345    1%
    Number of fully used LUT-FF pairs:          56 out of     345   16%
    Number of unique control sets:               7
    Number of slice register sites lost
      to control set restrictions:              16 out of  11,440    1%

  A LUT Flip Flop pair for this architecture represents one LUT paired with
  one Flip Flop within a slice.  A control set is a unique combination of
  clock, reset, set, and enable signals for a registered element.
  The Slice Logic Distribution report is not meaningful if the design is
  over-mapped for a non-slice resource or if Placement fails.

IO Utilization:
  Number of bonded IOBs:                        24 out of     200   12%

Specific Feature Utilization:
  Number of RAMB16BWERs:                         0 out of      32    0%
  Number of RAMB8BWERs:                          0 out of      64    0%
  Number of BUFIO2/BUFIO2_2CLKs:                 0 out of      32    0%
  Number of BUFIO2FB/BUFIO2FB_2CLKs:             0 out of      32    0%
  Number of BUFG/BUFGMUXs:                       1 out of      16    6%
    Number used as BUFGs:                        1
    Number used as BUFGMUX:                      0
  Number of DCM/DCM_CLKGENs:                     0 out of       4    0%
  Number of ILOGIC2/ISERDES2s:                   0 out of     200    0%
  Number of IODELAY2/IODRP2/IODRP2_MCBs:         0 out of     200    0%
  Number of OLOGIC2/OSERDES2s:                   0 out of     200    0%
  Number of BSCANs:                              0 out of       4    0%
  Number of BUFHs:                               0 out of     128    0%
  Number of BUFPLLs:                             0 out of       8    0%
  Number of BUFPLL_MCBs:                         0 out of       4    0%
  Number of DSP48A1s:                            0 out of      16    0%
  Number of ICAPs:                               0 out of       1    0%
  Number of MCBs:                                0 out of       2    0%
  Number of PCILOGICSEs:                         0 out of       2    0%
  Number of PLL_ADVs:                            0 out of       2    0%
  Number of PMVs:                                0 out of       1    0%
  Number of STARTUPs:                            0 out of       1    0%
  Number of SUSPEND_SYNCs:                       0 out of       1    0%

Average Fanout of Non-Clock Nets:                7.13

Peak Memory Usage:  350 MB
Total REAL time to MAP completion:  14 secs 
Total CPU time to MAP completion:   14 secs 

Table of Contents
-----------------
Section 1 - Errors
Section 2 - Warnings
Section 3 - Informational
Section 4 - Removed Logic Summary
Section 5 - Removed Logic
Section 6 - IOB Properties
Section 7 - RPMs
Section 8 - Guide Report
Section 9 - Area Group and Partition Summary
Section 10 - Timing Report
Section 11 - Configuration String Information
Section 12 - Control Set Information
Section 13 - Utilization by Hierarchy

Section 1 - Errors
------------------

Section 2 - Warnings
--------------------

Section 3 - Informational
-------------------------
INFO:LIT:243 - Logical network
   FIVE_IN_ONEX/DMX/DMx/U0/xst_options.dist_mem_inst/gen_sp_ram.spram_inst/qspo_
   int<7> has no load.
INFO:LIT:395 - The above info message is repeated 7 more times for the following
   (max. 5 shown):
   FIVE_IN_ONEX/DMX/DMx/U0/xst_options.dist_mem_inst/gen_sp_ram.spram_inst/qspo_
   int<6>,
   FIVE_IN_ONEX/DMX/DMx/U0/xst_options.dist_mem_inst/gen_sp_ram.spram_inst/qspo_
   int<5>,
   FIVE_IN_ONEX/DMX/DMx/U0/xst_options.dist_mem_inst/gen_sp_ram.spram_inst/qspo_
   int<4>,
   FIVE_IN_ONEX/DMX/DMx/U0/xst_options.dist_mem_inst/gen_sp_ram.spram_inst/qspo_
   int<3>,
   FIVE_IN_ONEX/DMX/DMx/U0/xst_options.dist_mem_inst/gen_sp_ram.spram_inst/qspo_
   int<2>
   To see the details of these info messages, please use the -detail switch.
INFO:MapLib:562 - No environment variables are currently set.
INFO:LIT:244 - All of the single ended outputs in this design are using slew
   rate limited output drivers. The delay on speed critical single ended outputs
   can be dramatically reduced by designating them as fast outputs.
INFO:Pack:1716 - Initializing temperature to 85.000 Celsius. (default - Range:
   0.000 to 85.000 Celsius)
INFO:Pack:1720 - Initializing voltage to 1.140 Volts. (default - Range: 1.140 to
   1.260 Volts)
INFO:Map:215 - The Interim Design Summary has been generated in the MAP Report
   (.mrp).
INFO:Pack:1650 - Map created a placed design.

Section 4 - Removed Logic Summary
---------------------------------
   8 block(s) removed
   4 block(s) optimized away
   8 signal(s) removed

Section 5 - Removed Logic
-------------------------

The trimmed logic report below shows the logic removed from your design due to
sourceless or loadless signals, and VCC or ground connections.  If the removal
of a signal or symbol results in the subsequent removal of an additional signal
or symbol, the message explaining that second removal will be indented.  This
indentation will be repeated as a chain of related logic is removed.

To quickly locate the original cause for the removal of a chain of logic, look
above the place where that logic is listed in the trimming report, then locate
the lines that are least indented (begin at the leftmost edge).

The signal
"FIVE_IN_ONEX/DMX/DMx/U0/xst_options.dist_mem_inst/gen_sp_ram.spram_inst/qspo_in
t<7>" is sourceless and has been removed.
The signal
"FIVE_IN_ONEX/DMX/DMx/U0/xst_options.dist_mem_inst/gen_sp_ram.spram_inst/qspo_in
t<6>" is sourceless and has been removed.
The signal
"FIVE_IN_ONEX/DMX/DMx/U0/xst_options.dist_mem_inst/gen_sp_ram.spram_inst/qspo_in
t<5>" is sourceless and has been removed.
The signal
"FIVE_IN_ONEX/DMX/DMx/U0/xst_options.dist_mem_inst/gen_sp_ram.spram_inst/qspo_in
t<4>" is sourceless and has been removed.
The signal
"FIVE_IN_ONEX/DMX/DMx/U0/xst_options.dist_mem_inst/gen_sp_ram.spram_inst/qspo_in
t<3>" is sourceless and has been removed.
The signal
"FIVE_IN_ONEX/DMX/DMx/U0/xst_options.dist_mem_inst/gen_sp_ram.spram_inst/qspo_in
t<2>" is sourceless and has been removed.
The signal
"FIVE_IN_ONEX/DMX/DMx/U0/xst_options.dist_mem_inst/gen_sp_ram.spram_inst/qspo_in
t<1>" is sourceless and has been removed.
The signal
"FIVE_IN_ONEX/DMX/DMx/U0/xst_options.dist_mem_inst/gen_sp_ram.spram_inst/qspo_in
t<0>" is sourceless and has been removed.
Unused block
"FIVE_IN_ONEX/DMX/DMx/U0/xst_options.dist_mem_inst/gen_sp_ram.spram_inst/qspo_in
t_0" (FF) removed.
Unused block
"FIVE_IN_ONEX/DMX/DMx/U0/xst_options.dist_mem_inst/gen_sp_ram.spram_inst/qspo_in
t_1" (FF) removed.
Unused block
"FIVE_IN_ONEX/DMX/DMx/U0/xst_options.dist_mem_inst/gen_sp_ram.spram_inst/qspo_in
t_2" (FF) removed.
Unused block
"FIVE_IN_ONEX/DMX/DMx/U0/xst_options.dist_mem_inst/gen_sp_ram.spram_inst/qspo_in
t_3" (FF) removed.
Unused block
"FIVE_IN_ONEX/DMX/DMx/U0/xst_options.dist_mem_inst/gen_sp_ram.spram_inst/qspo_in
t_4" (FF) removed.
Unused block
"FIVE_IN_ONEX/DMX/DMx/U0/xst_options.dist_mem_inst/gen_sp_ram.spram_inst/qspo_in
t_5" (FF) removed.
Unused block
"FIVE_IN_ONEX/DMX/DMx/U0/xst_options.dist_mem_inst/gen_sp_ram.spram_inst/qspo_in
t_6" (FF) removed.
Unused block
"FIVE_IN_ONEX/DMX/DMx/U0/xst_options.dist_mem_inst/gen_sp_ram.spram_inst/qspo_in
t_7" (FF) removed.

Optimized Block(s):
TYPE 		BLOCK
GND 		FIVE_IN_ONEX/IFX/IM/mi1x/XST_GND1
GND 		FIVE_IN_ONEX/IFX/IM/mi2x/XST_GND1
GND 		XST_GND
VCC 		XST_VCC

Section 6 - IOB Properties
--------------------------

+---------------------------------------------------------------------------------------------------------------------------------------------------------+
| IOB Name                           | Type             | Direction | IO Standard          | Diff  | Drive    | Slew | Reg (s)      | Resistor | IOB      |
|                                    |                  |           |                      | Term  | Strength | Rate |              |          | Delay    |
+---------------------------------------------------------------------------------------------------------------------------------------------------------+
| Reg1_out<0>                        | IOB              | OUTPUT    | LVCMOS25             |       | 12       | SLOW |              |          |          |
| Reg1_out<1>                        | IOB              | OUTPUT    | LVCMOS25             |       | 12       | SLOW |              |          |          |
| Reg1_out<2>                        | IOB              | OUTPUT    | LVCMOS25             |       | 12       | SLOW |              |          |          |
| Reg1_out<3>                        | IOB              | OUTPUT    | LVCMOS25             |       | 12       | SLOW |              |          |          |
| Reg1_out<4>                        | IOB              | OUTPUT    | LVCMOS25             |       | 12       | SLOW |              |          |          |
| Reg1_out<5>                        | IOB              | OUTPUT    | LVCMOS25             |       | 12       | SLOW |              |          |          |
| Reg1_out<6>                        | IOB              | OUTPUT    | LVCMOS25             |       | 12       | SLOW |              |          |          |
| Reg2_out<0>                        | IOB              | OUTPUT    | LVCMOS25             |       | 12       | SLOW |              |          |          |
| Reg2_out<1>                        | IOB              | OUTPUT    | LVCMOS25             |       | 12       | SLOW |              |          |          |
| Reg2_out<2>                        | IOB              | OUTPUT    | LVCMOS25             |       | 12       | SLOW |              |          |          |
| Reg2_out<3>                        | IOB              | OUTPUT    | LVCMOS25             |       | 12       | SLOW |              |          |          |
| Reg2_out<4>                        | IOB              | OUTPUT    | LVCMOS25             |       | 12       | SLOW |              |          |          |
| Reg2_out<5>                        | IOB              | OUTPUT    | LVCMOS25             |       | 12       | SLOW |              |          |          |
| Reg2_out<6>                        | IOB              | OUTPUT    | LVCMOS25             |       | 12       | SLOW |              |          |          |
| clk                                | IOB              | INPUT     | LVCMOS25             |       |          |      |              |          |          |
| in<0>                              | IOB              | INPUT     | LVCMOS25             |       |          |      |              |          |          |
| in<1>                              | IOB              | INPUT     | LVCMOS25             |       |          |      |              |          |          |
| in<2>                              | IOB              | INPUT     | LVCMOS25             |       |          |      |              |          |          |
| in<3>                              | IOB              | INPUT     | LVCMOS25             |       |          |      |              |          |          |
| in<4>                              | IOB              | INPUT     | LVCMOS25             |       |          |      |              |          |          |
| in<5>                              | IOB              | INPUT     | LVCMOS25             |       |          |      |              |          |          |
| in<6>                              | IOB              | INPUT     | LVCMOS25             |       |          |      |              |          |          |
| in<7>                              | IOB              | INPUT     | LVCMOS25             |       |          |      |              |          |          |
| rst                                | IOB              | INPUT     | LVCMOS25             |       |          |      |              |          |          |
+---------------------------------------------------------------------------------------------------------------------------------------------------------+

Section 7 - RPMs
----------------

Section 8 - Guide Report
------------------------
Guide not run on this design.

Section 9 - Area Group and Partition Summary
--------------------------------------------

Partition Implementation Status
-------------------------------

  No Partitions were found in this design.

-------------------------------

Area Group Information
----------------------

  No area groups were found in this design.

----------------------

Section 10 - Timing Report
--------------------------
A logic-level (pre-route) timing report can be generated by using Xilinx static
timing analysis tools, Timing Analyzer (GUI) or TRCE (command line), with the
mapped NCD and PCF files. Please note that this timing report will be generated
using estimated delay information. For accurate numbers, please generate a
timing report with the post Place and Route NCD file.

For more information about the Timing Analyzer, consult the Xilinx Timing
Analyzer Reference Manual; for more information about TRCE, consult the Xilinx
Command Line Tools User Guide "TRACE" chapter.

Section 11 - Configuration String Details
-----------------------------------------
Use the "-detail" map option to print out Configuration Strings

Section 12 - Control Set Information
------------------------------------
Use the "-detail" map option to print out Control Set Information.

Section 13 - Utilization by Hierarchy
-------------------------------------
Use the "-detail" map option to print out the Utilization by Hierarchy section.
