Release 14.5 - xst P.58f (nt64)
Copyright (c) 1995-2012 Xilinx, Inc.  All rights reserved.
--> Parameter TMPDIR set to xst/projnav.tmp


Total REAL time to Xst completion: 0.00 secs
Total CPU time to Xst completion: 0.08 secs
 
--> Parameter xsthdpdir set to xst


Total REAL time to Xst completion: 0.00 secs
Total CPU time to Xst completion: 0.08 secs
 
--> Reading design: IF.prj

TABLE OF CONTENTS
  1) Synthesis Options Summary
  2) HDL Parsing
  3) HDL Elaboration
  4) HDL Synthesis
       4.1) HDL Synthesis Report
  5) Advanced HDL Synthesis
       5.1) Advanced HDL Synthesis Report
  6) Low Level Synthesis
  7) Partition Report
  8) Design Summary
       8.1) Primitive and Black Box Usage
       8.2) Device utilization summary
       8.3) Partition Resource Summary
       8.4) Timing Report
            8.4.1) Clock Information
            8.4.2) Asynchronous Control Signals Information
            8.4.3) Timing Summary
            8.4.4) Timing Details
            8.4.5) Cross Clock Domains Report


=========================================================================
*                      Synthesis Options Summary                        *
=========================================================================
---- Source Parameters
Input File Name                    : "IF.prj"
Ignore Synthesis Constraint File   : NO

---- Target Parameters
Output File Name                   : "IF"
Output Format                      : NGC
Target Device                      : xc6slx9-3-csg324

---- Source Options
Top Module Name                    : IF
Automatic FSM Extraction           : YES
FSM Encoding Algorithm             : Auto
Safe Implementation                : No
FSM Style                          : LUT
RAM Extraction                     : Yes
RAM Style                          : Auto
ROM Extraction                     : Yes
Shift Register Extraction          : YES
ROM Style                          : Auto
Resource Sharing                   : YES
Asynchronous To Synchronous        : NO
Shift Register Minimum Size        : 2
Use DSP Block                      : Auto
Automatic Register Balancing       : No

---- Target Options
LUT Combining                      : Auto
Reduce Control Sets                : Auto
Add IO Buffers                     : YES
Global Maximum Fanout              : 100000
Add Generic Clock Buffer(BUFG)     : 16
Register Duplication               : YES
Optimize Instantiated Primitives   : NO
Use Clock Enable                   : Auto
Use Synchronous Set                : Auto
Use Synchronous Reset              : Auto
Pack IO Registers into IOBs        : Auto
Equivalent register Removal        : YES

---- General Options
Optimization Goal                  : Speed
Optimization Effort                : 1
Power Reduction                    : NO
Keep Hierarchy                     : No
Netlist Hierarchy                  : As_Optimized
RTL Output                         : Yes
Global Optimization                : AllClockNets
Read Cores                         : YES
Write Timing Constraints           : NO
Cross Clock Analysis               : NO
Hierarchy Separator                : /
Bus Delimiter                      : <>
Case Specifier                     : Maintain
Slice Utilization Ratio            : 100
BRAM Utilization Ratio             : 100
DSP48 Utilization Ratio            : 100
Auto BRAM Packing                  : NO
Slice Utilization Ratio Delta      : 5

---- Other Options
Cores Search Directories           : {"ipcore_dir"  }

=========================================================================


=========================================================================
*                          HDL Parsing                                  *
=========================================================================
Analyzing Verilog file "F:\New Processor\Stage\IF\ipcore_dir\INMM.v" into library work
Parsing module <INMM>.
Analyzing Verilog file "F:\New Processor\PC\ProgramCounter.v" into library work
Parsing module <ProgramCounter>.
Analyzing Verilog file "F:\New Processor\MUX4_1\MUX4_1.v" into library work
Parsing module <MUX4_1>.
Analyzing Verilog file "F:\New Processor\Instruction_Memory\Instrction_Memory.v" into library work
Parsing module <Instrction_Memory>.
Analyzing Verilog file "F:\New Processor\Adder\Adder.v" into library work
Parsing module <Adder>.
Analyzing Verilog file "F:\New Processor\Stage\IF\IF.v" into library work
Parsing module <IF>.

=========================================================================
*                            HDL Elaboration                            *
=========================================================================

Elaborating module <IF>.

Elaborating module <ProgramCounter>.

Elaborating module <Adder>.
WARNING:HDLCompiler:413 - "F:\New Processor\Adder\Adder.v" Line 26: Result of 9-bit expression is truncated to fit in 8-bit target.

Elaborating module <MUX4_1>.

Elaborating module <Instrction_Memory>.

Elaborating module <INMM>.
WARNING:HDLCompiler:1499 - "F:\New Processor\Stage\IF\ipcore_dir\INMM.v" Line 39: Empty module <INMM> remains a black box.
WARNING:HDLCompiler:189 - "F:\New Processor\Instruction_Memory\Instrction_Memory.v" Line 31: Size mismatch in connection of port <a>. Formal port size is 8-bit while actual signal size is 32-bit.

=========================================================================
*                           HDL Synthesis                               *
=========================================================================

Synthesizing Unit <IF>.
    Related source file is "F:\New Processor\Stage\IF\IF.v".
    Summary:
	no macro.
Unit <IF> synthesized.

Synthesizing Unit <ProgramCounter>.
    Related source file is "F:\New Processor\PC\ProgramCounter.v".
    Found 8-bit register for signal <PCa>.
    Summary:
	inferred   8 D-type flip-flop(s).
Unit <ProgramCounter> synthesized.

Synthesizing Unit <Adder>.
    Related source file is "F:\New Processor\Adder\Adder.v".
    Found 8-bit adder for signal <inca> created at line 26.
    Summary:
	inferred   1 Adder/Subtractor(s).
Unit <Adder> synthesized.

Synthesizing Unit <MUX4_1>.
    Related source file is "F:\New Processor\MUX4_1\MUX4_1.v".
WARNING:Xst:647 - Input <nothing> is never used. This port will be preserved and left unconnected if it belongs to a top-level block or it belongs to a sub-block and the hierarchy of this sub-block is preserved.
    Summary:
	inferred   1 Multiplexer(s).
Unit <MUX4_1> synthesized.

Synthesizing Unit <Instrction_Memory>.
    Related source file is "F:\New Processor\Instruction_Memory\Instrction_Memory.v".
    Found 8-bit adder for signal <PCa1[7]_GND_5_o_add_0_OUT> created at line 31.
    Summary:
	inferred   1 Adder/Subtractor(s).
Unit <Instrction_Memory> synthesized.

=========================================================================
HDL Synthesis Report

Macro Statistics
# Adders/Subtractors                                   : 2
 8-bit adder                                           : 2
# Registers                                            : 2
 8-bit register                                        : 2
# Multiplexers                                         : 1
 8-bit 2-to-1 multiplexer                              : 1

=========================================================================

=========================================================================
*                       Advanced HDL Synthesis                          *
=========================================================================

Reading core <ipcore_dir/INMM.ngc>.
Loading core <INMM> for timing and area information for instance <mi1x>.
Loading core <INMM> for timing and area information for instance <mi2x>.

=========================================================================
Advanced HDL Synthesis Report

Macro Statistics
# Adders/Subtractors                                   : 2
 8-bit adder                                           : 2
# Registers                                            : 16
 Flip-Flops                                            : 16
# Multiplexers                                         : 1
 8-bit 2-to-1 multiplexer                              : 1

=========================================================================

=========================================================================
*                         Low Level Synthesis                           *
=========================================================================

Optimizing unit <ProgramCounter> ...

Optimizing unit <IF> ...

Mapping all equations...
Building and optimizing final netlist ...
Found area constraint ratio of 100 (+ 5) on block IF, actual ratio is 1.

Final Macro Processing ...

=========================================================================
Final Register Report

Macro Statistics
# Registers                                            : 16
 Flip-Flops                                            : 16

=========================================================================

=========================================================================
*                           Partition Report                            *
=========================================================================

Partition Implementation Status
-------------------------------

  No Partitions were found in this design.

-------------------------------

=========================================================================
*                            Design Summary                             *
=========================================================================

Top Level Output File Name         : IF.ngc

Primitive and Black Box Usage:
------------------------------
# BELS                             : 121
#      GND                         : 2
#      INV                         : 2
#      LUT2                        : 3
#      LUT3                        : 4
#      LUT4                        : 2
#      LUT5                        : 9
#      LUT6                        : 53
#      MUXF7                       : 30
#      MUXF8                       : 16
# FlipFlops/Latches                : 16
#      FDRE                        : 16
# Clock Buffers                    : 1
#      BUFGP                       : 1
# IO Buffers                       : 21
#      IBUF                        : 5
#      OBUF                        : 16

Device utilization summary:
---------------------------

Selected Device : 6slx9csg324-3 


Slice Logic Utilization: 
 Number of Slice Registers:              16  out of  11440     0%  
 Number of Slice LUTs:                   73  out of   5720     1%  
    Number used as Logic:                73  out of   5720     1%  

Slice Logic Distribution: 
 Number of LUT Flip Flop pairs used:     74
   Number with an unused Flip Flop:      58  out of     74    78%  
   Number with an unused LUT:             1  out of     74     1%  
   Number of fully used LUT-FF pairs:    15  out of     74    20%  
   Number of unique control sets:         2

IO Utilization: 
 Number of IOs:                          22
 Number of bonded IOBs:                  22  out of    200    11%  

Specific Feature Utilization:
 Number of BUFG/BUFGCTRL/BUFHCEs:         1  out of     16     6%  

---------------------------
Partition Resource Summary:
---------------------------

  No Partitions were found in this design.

---------------------------


=========================================================================
Timing Report

NOTE: THESE TIMING NUMBERS ARE ONLY A SYNTHESIS ESTIMATE.
      FOR ACCURATE TIMING INFORMATION PLEASE REFER TO THE TRACE REPORT
      GENERATED AFTER PLACE-and-ROUTE.

Clock Information:
------------------
-----------------------------------+------------------------+-------+
Clock Signal                       | Clock buffer(FF name)  | Load  |
-----------------------------------+------------------------+-------+
clk                                | BUFGP                  | 16    |
-----------------------------------+------------------------+-------+

Asynchronous Control Signals Information:
----------------------------------------
No asynchronous control signals found in this design

Timing Summary:
---------------
Speed Grade: -3

   Minimum period: 5.882ns (Maximum Frequency: 170.001MHz)
   Minimum input arrival time before clock: 2.694ns
   Maximum output required time after clock: 8.145ns
   Maximum combinational path delay: No path found

Timing Details:
---------------
All values displayed in nanoseconds (ns)

=========================================================================
Timing constraint: Default period analysis for Clock 'clk'
  Clock period: 5.882ns (frequency: 170.001MHz)
  Total number of paths / destination ports: 752 / 16
-------------------------------------------------------------------------
Delay:               5.882ns (Levels of Logic = 7)
  Source:            PC/PCa_4 (FF)
  Destination:       PC/PCa_3 (FF)
  Source Clock:      clk rising
  Destination Clock: clk rising

  Data Path: PC/PCa_4 to PC/PCa_3
                                Gate     Net
    Cell:in->out      fanout   Delay   Delay  Logical Name (Net Name)
    ----------------------------------------  ------------
     FDRE:C->Q            31   0.447   1.622  PC/PCa_4 (PC/PCa_4)
     LUT6:I1->O            2   0.203   0.617  IM/Madd_PCa1[7]_GND_5_o_add_0_OUT_cy<5>11 (IM/Madd_PCa1[7]_GND_5_o_add_0_OUT_cy<5>)
     LUT2:I1->O           16   0.205   1.369  IM/Madd_PCa1[7]_GND_5_o_add_0_OUT_xor<6>11 (IM/PCa1[7]_GND_5_o_add_0_OUT<6>)
     begin scope: 'IM/mi2x:a<6>'
     LUT6:I0->O            1   0.203   0.000  U0/xst_options.dist_mem_inst/gen_rom.rom_inst/Mram_spo_int6 (U0/xst_options.dist_mem_inst/gen_rom.rom_inst/Mram_spo_int6)
     MUXF7:I1->O           1   0.140   0.000  U0/xst_options.dist_mem_inst/gen_rom.rom_inst/Mram_spo_int6_f7 (U0/xst_options.dist_mem_inst/gen_rom.rom_inst/Mram_spo_int6_f7)
     MUXF8:I1->O           2   0.152   0.617  U0/xst_options.dist_mem_inst/gen_rom.rom_inst/Mram_spo_int6_f8 (spo<3>)
     end scope: 'IM/mi2x:spo<3>'
     LUT5:I4->O            1   0.205   0.000  mux1/mux1op<3>1 (mux1op_PC<3>)
     FDRE:D                    0.102          PC/PCa_3
    ----------------------------------------
    Total                      5.882ns (1.657ns logic, 4.225ns route)
                                       (28.2% logic, 71.8% route)

=========================================================================
Timing constraint: Default OFFSET IN BEFORE for Clock 'clk'
  Total number of paths / destination ports: 48 / 40
-------------------------------------------------------------------------
Offset:              2.694ns (Levels of Logic = 2)
  Source:            mux1CR<1> (PAD)
  Destination:       PC/PCa_6 (FF)
  Destination Clock: clk rising

  Data Path: mux1CR<1> to PC/PCa_6
                                Gate     Net
    Cell:in->out      fanout   Delay   Delay  Logical Name (Net Name)
    ----------------------------------------  ------------
     IBUF:I->O             8   1.222   1.167  mux1CR_1_IBUF (mux1CR_1_IBUF)
     LUT6:I0->O            1   0.203   0.000  mux1/mux1op<2>1 (mux1op_PC<2>)
     FDRE:D                    0.102          PC/PCa_2
    ----------------------------------------
    Total                      2.694ns (1.527ns logic, 1.167ns route)
                                       (56.7% logic, 43.3% route)

=========================================================================
Timing constraint: Default OFFSET OUT AFTER for Clock 'clk'
  Total number of paths / destination ports: 853 / 16
-------------------------------------------------------------------------
Offset:              8.145ns (Levels of Logic = 7)
  Source:            PC/PCa_4 (FF)
  Destination:       Oi<3> (PAD)
  Source Clock:      clk rising

  Data Path: PC/PCa_4 to Oi<3>
                                Gate     Net
    Cell:in->out      fanout   Delay   Delay  Logical Name (Net Name)
    ----------------------------------------  ------------
     FDRE:C->Q            31   0.447   1.622  PC/PCa_4 (PC/PCa_4)
     LUT6:I1->O            2   0.203   0.617  IM/Madd_PCa1[7]_GND_5_o_add_0_OUT_cy<5>11 (IM/Madd_PCa1[7]_GND_5_o_add_0_OUT_cy<5>)
     LUT2:I1->O           16   0.205   1.369  IM/Madd_PCa1[7]_GND_5_o_add_0_OUT_xor<6>11 (IM/PCa1[7]_GND_5_o_add_0_OUT<6>)
     begin scope: 'IM/mi2x:a<6>'
     LUT6:I0->O            1   0.203   0.000  U0/xst_options.dist_mem_inst/gen_rom.rom_inst/Mram_spo_int6 (U0/xst_options.dist_mem_inst/gen_rom.rom_inst/Mram_spo_int6)
     MUXF7:I1->O           1   0.140   0.000  U0/xst_options.dist_mem_inst/gen_rom.rom_inst/Mram_spo_int6_f7 (U0/xst_options.dist_mem_inst/gen_rom.rom_inst/Mram_spo_int6_f7)
     MUXF8:I1->O           2   0.152   0.616  U0/xst_options.dist_mem_inst/gen_rom.rom_inst/Mram_spo_int6_f8 (spo<3>)
     end scope: 'IM/mi2x:spo<3>'
     OBUF:I->O                 2.571          Oi_3_OBUF (Oi<3>)
    ----------------------------------------
    Total                      8.145ns (3.921ns logic, 4.224ns route)
                                       (48.1% logic, 51.9% route)

=========================================================================

Cross Clock Domains Report:
--------------------------

Clock to Setup on destination clock clk
---------------+---------+---------+---------+---------+
               | Src:Rise| Src:Fall| Src:Rise| Src:Fall|
Source Clock   |Dest:Rise|Dest:Rise|Dest:Fall|Dest:Fall|
---------------+---------+---------+---------+---------+
clk            |    5.882|         |         |         |
---------------+---------+---------+---------+---------+

=========================================================================


Total REAL time to Xst completion: 7.00 secs
Total CPU time to Xst completion: 6.74 secs
 
--> 

Total memory usage is 257392 kilobytes

Number of errors   :    0 (   0 filtered)
Number of warnings :    4 (   0 filtered)
Number of infos    :    0 (   0 filtered)

