INFO:sim:172 - Generating IP...
Resolving generics for 'INMM'...
Applying external generics to 'INMM'...
Delivering associated files for 'INMM'...
Delivering EJava files for 'INMM'...
Generating implementation netlist for 'INMM'...
INFO:sim - Pre-processing HDL files for 'INMM'...
Running synthesis for 'INMM'
Running ngcbuild...
Writing VEO instantiation template for 'INMM'...
Writing Verilog behavioral simulation model for 'INMM'...
WARNING:sim - Overwriting existing file F:/New
   Processor/Stage/IF/ipcore_dir/tmp/_cg/INMM/doc/dist_mem_gen_v7_2_vinfo.html
   with file from view xilinx_documentation
Delivered 2 files into directory F:/New
Processor/Stage/IF/ipcore_dir/tmp/_cg/INMM
Generating ASY schematic symbol...
INFO:sim:949 - Finished generation of ASY schematic symbol.
Generating SYM schematic symbol for 'INMM'...
Generating metadata file...
Generating ISE project file for 'INMM'...
Generating ISE project...
XCO file found: INMM.xco
XMDF file found: INMM_xmdf.tcl
Adding F:/New Processor/Stage/IF/ipcore_dir/tmp/_cg/INMM.asy -view all
-origin_type imported
Adding F:/New Processor/Stage/IF/ipcore_dir/tmp/_cg/INMM.ngc -view all
-origin_type created
Checking file "F:/New Processor/Stage/IF/ipcore_dir/tmp/_cg/INMM.ngc" for
project device match ...
File "F:/New Processor/Stage/IF/ipcore_dir/tmp/_cg/INMM.ngc" device information
matches project device.
Adding F:/New Processor/Stage/IF/ipcore_dir/tmp/_cg/INMM.sym -view all
-origin_type imported
Adding F:/New Processor/Stage/IF/ipcore_dir/tmp/_cg/INMM.v -view all
-origin_type created
INFO:HDLCompiler:1845 - Analyzing Verilog file "F:/New
   Processor/Stage/IF/ipcore_dir/tmp/_cg/INMM.v" into library work
INFO:ProjectMgmt - Parsing design hierarchy completed successfully.
Adding F:/New Processor/Stage/IF/ipcore_dir/tmp/_cg/INMM.veo -view all
-origin_type imported
INFO:TclTasksC:2116 - The automatic calculation of top has been turned-off.
   Please set the new top explicitly by running the "project set top" command.
   To re-calculate the new top automatically, set the "Auto Implementation Top"
   property to true.
Top level has been set to "/INMM"
Generating README file...
Generating FLIST file...
INFO:sim:948 - Finished FLIST file generation.
Launching README viewer...
Moving files to output directory...
Finished moving files to output directory
Wrote CGP file for project 'INMM'.
