Release 14.5 - xst P.58f (nt64)
Copyright (c) 1995-2012 Xilinx, Inc.  All rights reserved.
--> Parameter TMPDIR set to xst/projnav.tmp


Total REAL time to Xst completion: 0.00 secs
Total CPU time to Xst completion: 0.17 secs
 
--> Parameter xsthdpdir set to xst


Total REAL time to Xst completion: 0.00 secs
Total CPU time to Xst completion: 0.17 secs
 
--> Reading design: Alu.prj

TABLE OF CONTENTS
  1) Synthesis Options Summary
  2) HDL Parsing
  3) HDL Elaboration
  4) HDL Synthesis
       4.1) HDL Synthesis Report
  5) Advanced HDL Synthesis
       5.1) Advanced HDL Synthesis Report
  6) Low Level Synthesis
  7) Partition Report
  8) Design Summary
       8.1) Primitive and Black Box Usage
       8.2) Device utilization summary
       8.3) Partition Resource Summary
       8.4) Timing Report
            8.4.1) Clock Information
            8.4.2) Asynchronous Control Signals Information
            8.4.3) Timing Summary
            8.4.4) Timing Details
            8.4.5) Cross Clock Domains Report


=========================================================================
*                      Synthesis Options Summary                        *
=========================================================================
---- Source Parameters
Input File Name                    : "Alu.prj"
Ignore Synthesis Constraint File   : NO

---- Target Parameters
Output File Name                   : "Alu"
Output Format                      : NGC
Target Device                      : xc6slx9-3-csg324

---- Source Options
Top Module Name                    : Alu
Automatic FSM Extraction           : YES
FSM Encoding Algorithm             : Auto
Safe Implementation                : No
FSM Style                          : LUT
RAM Extraction                     : Yes
RAM Style                          : Auto
ROM Extraction                     : Yes
Shift Register Extraction          : YES
ROM Style                          : Auto
Resource Sharing                   : YES
Asynchronous To Synchronous        : NO
Shift Register Minimum Size        : 2
Use DSP Block                      : Auto
Automatic Register Balancing       : No

---- Target Options
LUT Combining                      : Auto
Reduce Control Sets                : Auto
Add IO Buffers                     : YES
Global Maximum Fanout              : 100000
Add Generic Clock Buffer(BUFG)     : 16
Register Duplication               : YES
Optimize Instantiated Primitives   : NO
Use Clock Enable                   : Auto
Use Synchronous Set                : Auto
Use Synchronous Reset              : Auto
Pack IO Registers into IOBs        : Auto
Equivalent register Removal        : YES

---- General Options
Optimization Goal                  : Speed
Optimization Effort                : 1
Power Reduction                    : NO
Keep Hierarchy                     : No
Netlist Hierarchy                  : As_Optimized
RTL Output                         : Yes
Global Optimization                : AllClockNets
Read Cores                         : YES
Write Timing Constraints           : NO
Cross Clock Analysis               : NO
Hierarchy Separator                : /
Bus Delimiter                      : <>
Case Specifier                     : Maintain
Slice Utilization Ratio            : 100
BRAM Utilization Ratio             : 100
DSP48 Utilization Ratio            : 100
Auto BRAM Packing                  : NO
Slice Utilization Ratio Delta      : 5

=========================================================================


=========================================================================
*                          HDL Parsing                                  *
=========================================================================
Analyzing Verilog file "F:\New Processor\Alu\Alu.v" into library work
Parsing module <Alu>.

=========================================================================
*                            HDL Elaboration                            *
=========================================================================

Elaborating module <Alu>.
WARNING:HDLCompiler:413 - "F:\New Processor\Alu\Alu.v" Line 29: Result of 32-bit expression is truncated to fit in 1-bit target.
WARNING:HDLCompiler:413 - "F:\New Processor\Alu\Alu.v" Line 31: Result of 32-bit expression is truncated to fit in 8-bit target.
WARNING:HDLCompiler:413 - "F:\New Processor\Alu\Alu.v" Line 33: Result of 32-bit expression is truncated to fit in 1-bit target.

=========================================================================
*                           HDL Synthesis                               *
=========================================================================

Synthesizing Unit <Alu>.
    Related source file is "F:\New Processor\Alu\Alu.v".
    Found 9-bit subtractor for signal <GND_1_o_GND_1_o_sub_20_OUT> created at line 31.
    Found 9-bit adder for signal <_n0093> created at line 31.
    Found 32-bit 7-to-1 multiplexer for signal <_n0096> created at line 31.
    Summary:
	inferred   2 Adder/Subtractor(s).
	inferred   3 Multiplexer(s).
Unit <Alu> synthesized.

=========================================================================
HDL Synthesis Report

Macro Statistics
# Adders/Subtractors                                   : 2
 9-bit adder                                           : 1
 9-bit subtractor                                      : 1
# Multiplexers                                         : 3
 32-bit 2-to-1 multiplexer                             : 2
 32-bit 7-to-1 multiplexer                             : 1

=========================================================================

=========================================================================
*                       Advanced HDL Synthesis                          *
=========================================================================


=========================================================================
Advanced HDL Synthesis Report

Macro Statistics
# Adders/Subtractors                                   : 2
 9-bit adder                                           : 1
 9-bit subtractor                                      : 1
# Multiplexers                                         : 3
 32-bit 2-to-1 multiplexer                             : 2
 32-bit 7-to-1 multiplexer                             : 1

=========================================================================

=========================================================================
*                         Low Level Synthesis                           *
=========================================================================

Optimizing unit <Alu> ...

Mapping all equations...
Building and optimizing final netlist ...
Found area constraint ratio of 100 (+ 5) on block Alu, actual ratio is 1.

Final Macro Processing ...

=========================================================================
Final Register Report

Found no macro
=========================================================================

=========================================================================
*                           Partition Report                            *
=========================================================================

Partition Implementation Status
-------------------------------

  No Partitions were found in this design.

-------------------------------

=========================================================================
*                            Design Summary                             *
=========================================================================

Top Level Output File Name         : Alu.ngc

Primitive and Black Box Usage:
------------------------------
# BELS                             : 81
#      GND                         : 1
#      LUT2                        : 23
#      LUT3                        : 1
#      LUT4                        : 1
#      LUT6                        : 21
#      MUXCY                       : 16
#      VCC                         : 1
#      XORCY                       : 17
# IO Buffers                       : 30
#      IBUF                        : 20
#      OBUF                        : 10

Device utilization summary:
---------------------------

Selected Device : 6slx9csg324-3 


Slice Logic Utilization: 
 Number of Slice LUTs:                   46  out of   5720     0%  
    Number used as Logic:                46  out of   5720     0%  

Slice Logic Distribution: 
 Number of LUT Flip Flop pairs used:     46
   Number with an unused Flip Flop:      46  out of     46   100%  
   Number with an unused LUT:             0  out of     46     0%  
   Number of fully used LUT-FF pairs:     0  out of     46     0%  
   Number of unique control sets:         0

IO Utilization: 
 Number of IOs:                          30
 Number of bonded IOBs:                  30  out of    200    15%  

Specific Feature Utilization:

---------------------------
Partition Resource Summary:
---------------------------

  No Partitions were found in this design.

---------------------------


=========================================================================
Timing Report

NOTE: THESE TIMING NUMBERS ARE ONLY A SYNTHESIS ESTIMATE.
      FOR ACCURATE TIMING INFORMATION PLEASE REFER TO THE TRACE REPORT
      GENERATED AFTER PLACE-and-ROUTE.

Clock Information:
------------------
No clock signals found in this design

Asynchronous Control Signals Information:
----------------------------------------
No asynchronous control signals found in this design

Timing Summary:
---------------
Speed Grade: -3

   Minimum period: No path found
   Minimum input arrival time before clock: No path found
   Maximum output required time after clock: No path found
   Maximum combinational path delay: 8.896ns

Timing Details:
---------------
All values displayed in nanoseconds (ns)

=========================================================================
Timing constraint: Default path analysis
  Total number of paths / destination ports: 593 / 10
-------------------------------------------------------------------------
Delay:               8.896ns (Levels of Logic = 14)
  Source:            IRa<0> (PAD)
  Destination:       OALUD<7> (PAD)

  Data Path: IRa<0> to OALUD<7>
                                Gate     Net
    Cell:in->out      fanout   Delay   Delay  Logical Name (Net Name)
    ----------------------------------------  ------------
     IBUF:I->O             5   1.222   0.819  IRa_0_IBUF (IRa_0_IBUF)
     LUT2:I0->O            1   0.203   0.000  Msub_GND_1_o_GND_1_o_sub_20_OUT_lut<0> (Msub_GND_1_o_GND_1_o_sub_20_OUT_lut<0>)
     MUXCY:S->O            1   0.172   0.000  Msub_GND_1_o_GND_1_o_sub_20_OUT_cy<0> (Msub_GND_1_o_GND_1_o_sub_20_OUT_cy<0>)
     MUXCY:CI->O           1   0.019   0.000  Msub_GND_1_o_GND_1_o_sub_20_OUT_cy<1> (Msub_GND_1_o_GND_1_o_sub_20_OUT_cy<1>)
     MUXCY:CI->O           1   0.019   0.000  Msub_GND_1_o_GND_1_o_sub_20_OUT_cy<2> (Msub_GND_1_o_GND_1_o_sub_20_OUT_cy<2>)
     MUXCY:CI->O           1   0.019   0.000  Msub_GND_1_o_GND_1_o_sub_20_OUT_cy<3> (Msub_GND_1_o_GND_1_o_sub_20_OUT_cy<3>)
     MUXCY:CI->O           1   0.019   0.000  Msub_GND_1_o_GND_1_o_sub_20_OUT_cy<4> (Msub_GND_1_o_GND_1_o_sub_20_OUT_cy<4>)
     MUXCY:CI->O           1   0.019   0.000  Msub_GND_1_o_GND_1_o_sub_20_OUT_cy<5> (Msub_GND_1_o_GND_1_o_sub_20_OUT_cy<5>)
     MUXCY:CI->O           1   0.019   0.000  Msub_GND_1_o_GND_1_o_sub_20_OUT_cy<6> (Msub_GND_1_o_GND_1_o_sub_20_OUT_cy<6>)
     XORCY:CI->O           2   0.180   0.864  Msub_GND_1_o_GND_1_o_sub_20_OUT_xor<7> (GND_1_o_GND_1_o_sub_20_OUT<7>)
     LUT4:I0->O            1   0.203   0.580  n0039<25>2_SW0 (N01)
     LUT6:I5->O            2   0.205   0.981  n0039<25>2 (OFgn_OBUF)
     LUT6:I0->O            1   0.203   0.579  n0039<25>1 (OALUD_7_OBUF)
     OBUF:I->O                 2.571          OALUD_7_OBUF (OALUD<7>)
    ----------------------------------------
    Total                      8.896ns (5.073ns logic, 3.823ns route)
                                       (57.0% logic, 43.0% route)

=========================================================================

Cross Clock Domains Report:
--------------------------

=========================================================================


Total REAL time to Xst completion: 7.00 secs
Total CPU time to Xst completion: 6.60 secs
 
--> 

Total memory usage is 258544 kilobytes

Number of errors   :    0 (   0 filtered)
Number of warnings :    3 (   0 filtered)
Number of infos    :    0 (   0 filtered)

